<?xml version="1.0" encoding="UTF-8"?>
<!-- Generated by org.testng.reporters.JUnitXMLReporter -->
<testsuite ignored="0" hostname="LAPTOP-8M7TIE6G" failures="0" tests="5" name="Test" time="155.965" errors="0" timestamp="2020-12-28T13:49:10 IST">
  <testcase classname="Practice.AppiumFramework.TC_01" name="sign_in" time="13.779"/>
  <testcase classname="Practice.AppiumFramework.TC_01" name="join_class" time="23.33"/>
  <testcase classname="Practice.AppiumFramework.TC_01" name="terms_of_service" time="48.33"/>
  <testcase classname="Practice.AppiumFramework.TC_01" name="manage_teachers" time="12.958"/>
  <testcase classname="Practice.AppiumFramework.TC_01" name="search_course" time="28.829"/>
</testsuite> <!-- Test -->
