<?xml version="1.0" encoding="UTF-8"?>
<!-- Generated by org.testng.reporters.JUnitXMLReporter -->
<testsuite ignored="0" hostname="LAPTOP-8M7TIE6G" failures="0" tests="5" name="Default test" time="166.137" errors="0" timestamp="2020-12-28T13:25:51 IST">
  <testcase classname="Practice.AppiumFramework.TC_01" name="sign_in" time="14.077"/>
  <testcase classname="Practice.AppiumFramework.TC_01" name="join_class" time="24.435"/>
  <testcase classname="Practice.AppiumFramework.TC_01" name="terms_of_service" time="49.942"/>
  <testcase classname="Practice.AppiumFramework.TC_01" name="manage_teachers" time="8.963"/>
  <testcase classname="Practice.AppiumFramework.TC_01" name="search_course" time="40.422"/>
</testsuite> <!-- Default test -->
